2025-10-27 10:41:44,918 [Worker-2: Loading available Gradle versions] INFO  o.e.b.c.i.u.g.PublishedGradleVersions - Gradle version information cache is not available. Remote download required.
2025-10-27 10:42:22,287 [Worker-7: Launching mavenrun-c9b8c9b5-fe9a-4c2b-b211-83daf9c6e963] INFO  o.eclipse.m2e.core.internal.Bundles - getClasspathEntries(Bundle=org.eclipse.m2e.maven.runtime_3.9.900.20250220-2013 [296])
2025-10-27 10:42:22,290 [Worker-7: Launching mavenrun-c9b8c9b5-fe9a-4c2b-b211-83daf9c6e963] INFO  o.eclipse.m2e.core.internal.Bundles - 	Entry: C:\Users\Administrator\.p2\pool\plugins\org.eclipse.m2e.maven.runtime_3.9.900.20250220-2013
2025-10-27 10:42:22,291 [Worker-7: Launching mavenrun-c9b8c9b5-fe9a-4c2b-b211-83daf9c6e963] INFO  o.eclipse.m2e.core.internal.Bundles - 	Entry: C:\Users\Administrator\.p2\pool\plugins\org.eclipse.m2e.maven.runtime_3.9.900.20250220-2013\jars\aopalliance-1.0.jar
2025-10-27 10:42:22,292 [Worker-7: Launching mavenrun-c9b8c9b5-fe9a-4c2b-b211-83daf9c6e963] INFO  o.eclipse.m2e.core.internal.Bundles - 	Entry: C:\Users\Administrator\.p2\pool\plugins\org.eclipse.m2e.maven.runtime_3.9.900.20250220-2013\jars\guice-5.1.0.jar
2025-10-27 10:42:22,292 [Worker-7: Launching mavenrun-c9b8c9b5-fe9a-4c2b-b211-83daf9c6e963] INFO  o.eclipse.m2e.core.internal.Bundles - 	Entry: C:\Users\Administrator\.p2\pool\plugins\org.eclipse.m2e.maven.runtime_3.9.900.20250220-2013\jars\httpclient-4.5.14.jar
2025-10-27 10:42:22,292 [Worker-7: Launching mavenrun-c9b8c9b5-fe9a-4c2b-b211-83daf9c6e963] INFO  o.eclipse.m2e.core.internal.Bundles - 	Entry: C:\Users\Administrator\.p2\pool\plugins\org.eclipse.m2e.maven.runtime_3.9.900.20250220-2013\jars\httpcore-4.4.16.jar
2025-10-27 10:42:22,292 [Worker-7: Launching mavenrun-c9b8c9b5-fe9a-4c2b-b211-83daf9c6e963] INFO  o.eclipse.m2e.core.internal.Bundles - 	Entry: C:\Users\Administrator\.p2\pool\plugins\org.eclipse.m2e.maven.runtime_3.9.900.20250220-2013\jars\jansi-2.4.1.jar
2025-10-27 10:42:22,292 [Worker-7: Launching mavenrun-c9b8c9b5-fe9a-4c2b-b211-83daf9c6e963] INFO  o.eclipse.m2e.core.internal.Bundles - 	Entry: C:\Users\Administrator\.p2\pool\plugins\org.eclipse.m2e.maven.runtime_3.9.900.20250220-2013\jars\jcl-over-slf4j-1.7.36.jar
2025-10-27 10:42:22,293 [Worker-7: Launching mavenrun-c9b8c9b5-fe9a-4c2b-b211-83daf9c6e963] INFO  o.eclipse.m2e.core.internal.Bundles - 	Entry: C:\Users\Administrator\.p2\pool\plugins\org.eclipse.m2e.maven.runtime_3.9.900.20250220-2013\jars\maven-artifact-3.9.9.jar
2025-10-27 10:42:22,293 [Worker-7: Launching mavenrun-c9b8c9b5-fe9a-4c2b-b211-83daf9c6e963] INFO  o.eclipse.m2e.core.internal.Bundles - 	Entry: C:\Users\Administrator\.p2\pool\plugins\org.eclipse.m2e.maven.runtime_3.9.900.20250220-2013\jars\maven-builder-support-3.9.9.jar
2025-10-27 10:42:22,293 [Worker-7: Launching mavenrun-c9b8c9b5-fe9a-4c2b-b211-83daf9c6e963] INFO  o.eclipse.m2e.core.internal.Bundles - 	Entry: C:\Users\Administrator\.p2\pool\plugins\org.eclipse.m2e.maven.runtime_3.9.900.20250220-2013\jars\maven-compat-3.9.9.jar
2025-10-27 10:42:22,293 [Worker-7: Launching mavenrun-c9b8c9b5-fe9a-4c2b-b211-83daf9c6e963] INFO  o.eclipse.m2e.core.internal.Bundles - 	Entry: C:\Users\Administrator\.p2\pool\plugins\org.eclipse.m2e.maven.runtime_3.9.900.20250220-2013\jars\maven-core-3.9.9.jar
2025-10-27 10:42:22,293 [Worker-7: Launching mavenrun-c9b8c9b5-fe9a-4c2b-b211-83daf9c6e963] INFO  o.eclipse.m2e.core.internal.Bundles - 	Entry: C:\Users\Administrator\.p2\pool\plugins\org.eclipse.m2e.maven.runtime_3.9.900.20250220-2013\jars\maven-embedder-3.9.9.jar
2025-10-27 10:42:22,294 [Worker-7: Launching mavenrun-c9b8c9b5-fe9a-4c2b-b211-83daf9c6e963] INFO  o.eclipse.m2e.core.internal.Bundles - 	Entry: C:\Users\Administrator\.p2\pool\plugins\org.eclipse.m2e.maven.runtime_3.9.900.20250220-2013\jars\maven-model-3.9.9.jar
2025-10-27 10:42:22,294 [Worker-7: Launching mavenrun-c9b8c9b5-fe9a-4c2b-b211-83daf9c6e963] INFO  o.eclipse.m2e.core.internal.Bundles - 	Entry: C:\Users\Administrator\.p2\pool\plugins\org.eclipse.m2e.maven.runtime_3.9.900.20250220-2013\jars\maven-model-builder-3.9.9.jar
2025-10-27 10:42:22,294 [Worker-7: Launching mavenrun-c9b8c9b5-fe9a-4c2b-b211-83daf9c6e963] INFO  o.eclipse.m2e.core.internal.Bundles - 	Entry: C:\Users\Administrator\.p2\pool\plugins\org.eclipse.m2e.maven.runtime_3.9.900.20250220-2013\jars\maven-plugin-api-3.9.9.jar
2025-10-27 10:42:22,294 [Worker-7: Launching mavenrun-c9b8c9b5-fe9a-4c2b-b211-83daf9c6e963] INFO  o.eclipse.m2e.core.internal.Bundles - 	Entry: C:\Users\Administrator\.p2\pool\plugins\org.eclipse.m2e.maven.runtime_3.9.900.20250220-2013\jars\maven-repository-metadata-3.9.9.jar
2025-10-27 10:42:22,294 [Worker-7: Launching mavenrun-c9b8c9b5-fe9a-4c2b-b211-83daf9c6e963] INFO  o.eclipse.m2e.core.internal.Bundles - 	Entry: C:\Users\Administrator\.p2\pool\plugins\org.eclipse.m2e.maven.runtime_3.9.900.20250220-2013\jars\maven-resolver-api-1.9.22.jar
2025-10-27 10:42:22,295 [Worker-7: Launching mavenrun-c9b8c9b5-fe9a-4c2b-b211-83daf9c6e963] INFO  o.eclipse.m2e.core.internal.Bundles - 	Entry: C:\Users\Administrator\.p2\pool\plugins\org.eclipse.m2e.maven.runtime_3.9.900.20250220-2013\jars\maven-resolver-connector-basic-1.9.22.jar
2025-10-27 10:42:22,295 [Worker-7: Launching mavenrun-c9b8c9b5-fe9a-4c2b-b211-83daf9c6e963] INFO  o.eclipse.m2e.core.internal.Bundles - 	Entry: C:\Users\Administrator\.p2\pool\plugins\org.eclipse.m2e.maven.runtime_3.9.900.20250220-2013\jars\maven-resolver-impl-1.9.22.jar
2025-10-27 10:42:22,295 [Worker-7: Launching mavenrun-c9b8c9b5-fe9a-4c2b-b211-83daf9c6e963] INFO  o.eclipse.m2e.core.internal.Bundles - 	Entry: C:\Users\Administrator\.p2\pool\plugins\org.eclipse.m2e.maven.runtime_3.9.900.20250220-2013\jars\maven-resolver-named-locks-1.9.22.jar
2025-10-27 10:42:22,295 [Worker-7: Launching mavenrun-c9b8c9b5-fe9a-4c2b-b211-83daf9c6e963] INFO  o.eclipse.m2e.core.internal.Bundles - 	Entry: C:\Users\Administrator\.p2\pool\plugins\org.eclipse.m2e.maven.runtime_3.9.900.20250220-2013\jars\maven-resolver-provider-3.9.9.jar
2025-10-27 10:42:22,296 [Worker-7: Launching mavenrun-c9b8c9b5-fe9a-4c2b-b211-83daf9c6e963] INFO  o.eclipse.m2e.core.internal.Bundles - 	Entry: C:\Users\Administrator\.p2\pool\plugins\org.eclipse.m2e.maven.runtime_3.9.900.20250220-2013\jars\maven-resolver-spi-1.9.22.jar
2025-10-27 10:42:22,296 [Worker-7: Launching mavenrun-c9b8c9b5-fe9a-4c2b-b211-83daf9c6e963] INFO  o.eclipse.m2e.core.internal.Bundles - 	Entry: C:\Users\Administrator\.p2\pool\plugins\org.eclipse.m2e.maven.runtime_3.9.900.20250220-2013\jars\maven-resolver-transport-file-1.9.22.jar
2025-10-27 10:42:22,296 [Worker-7: Launching mavenrun-c9b8c9b5-fe9a-4c2b-b211-83daf9c6e963] INFO  o.eclipse.m2e.core.internal.Bundles - 	Entry: C:\Users\Administrator\.p2\pool\plugins\org.eclipse.m2e.maven.runtime_3.9.900.20250220-2013\jars\maven-resolver-transport-http-1.9.22.jar
2025-10-27 10:42:22,296 [Worker-7: Launching mavenrun-c9b8c9b5-fe9a-4c2b-b211-83daf9c6e963] INFO  o.eclipse.m2e.core.internal.Bundles - 	Entry: C:\Users\Administrator\.p2\pool\plugins\org.eclipse.m2e.maven.runtime_3.9.900.20250220-2013\jars\maven-resolver-transport-wagon-1.9.22.jar
2025-10-27 10:42:22,296 [Worker-7: Launching mavenrun-c9b8c9b5-fe9a-4c2b-b211-83daf9c6e963] INFO  o.eclipse.m2e.core.internal.Bundles - 	Entry: C:\Users\Administrator\.p2\pool\plugins\org.eclipse.m2e.maven.runtime_3.9.900.20250220-2013\jars\maven-resolver-util-1.9.22.jar
2025-10-27 10:42:22,297 [Worker-7: Launching mavenrun-c9b8c9b5-fe9a-4c2b-b211-83daf9c6e963] INFO  o.eclipse.m2e.core.internal.Bundles - 	Entry: C:\Users\Administrator\.p2\pool\plugins\org.eclipse.m2e.maven.runtime_3.9.900.20250220-2013\jars\maven-settings-3.9.9.jar
2025-10-27 10:42:22,297 [Worker-7: Launching mavenrun-c9b8c9b5-fe9a-4c2b-b211-83daf9c6e963] INFO  o.eclipse.m2e.core.internal.Bundles - 	Entry: C:\Users\Administrator\.p2\pool\plugins\org.eclipse.m2e.maven.runtime_3.9.900.20250220-2013\jars\maven-settings-builder-3.9.9.jar
2025-10-27 10:42:22,297 [Worker-7: Launching mavenrun-c9b8c9b5-fe9a-4c2b-b211-83daf9c6e963] INFO  o.eclipse.m2e.core.internal.Bundles - 	Entry: C:\Users\Administrator\.p2\pool\plugins\org.eclipse.m2e.maven.runtime_3.9.900.20250220-2013\jars\maven-shared-utils-3.4.2.jar
2025-10-27 10:42:22,298 [Worker-7: Launching mavenrun-c9b8c9b5-fe9a-4c2b-b211-83daf9c6e963] INFO  o.eclipse.m2e.core.internal.Bundles - 	Entry: C:\Users\Administrator\.p2\pool\plugins\org.eclipse.m2e.maven.runtime_3.9.900.20250220-2013\jars\org.eclipse.sisu.inject-0.9.0.M3.jar
2025-10-27 10:42:22,298 [Worker-7: Launching mavenrun-c9b8c9b5-fe9a-4c2b-b211-83daf9c6e963] INFO  o.eclipse.m2e.core.internal.Bundles - 	Entry: C:\Users\Administrator\.p2\pool\plugins\org.eclipse.m2e.maven.runtime_3.9.900.20250220-2013\jars\org.eclipse.sisu.plexus-0.9.0.M3.jar
2025-10-27 10:42:22,298 [Worker-7: Launching mavenrun-c9b8c9b5-fe9a-4c2b-b211-83daf9c6e963] INFO  o.eclipse.m2e.core.internal.Bundles - 	Entry: C:\Users\Administrator\.p2\pool\plugins\org.eclipse.m2e.maven.runtime_3.9.900.20250220-2013\jars\plexus-build-api-0.0.7.jar
2025-10-27 10:42:22,299 [Worker-7: Launching mavenrun-c9b8c9b5-fe9a-4c2b-b211-83daf9c6e963] INFO  o.eclipse.m2e.core.internal.Bundles - 	Entry: C:\Users\Administrator\.p2\pool\plugins\org.eclipse.m2e.maven.runtime_3.9.900.20250220-2013\jars\plexus-build-api-1.2.0.jar
2025-10-27 10:42:22,299 [Worker-7: Launching mavenrun-c9b8c9b5-fe9a-4c2b-b211-83daf9c6e963] INFO  o.eclipse.m2e.core.internal.Bundles - 	Entry: C:\Users\Administrator\.p2\pool\plugins\org.eclipse.m2e.maven.runtime_3.9.900.20250220-2013\jars\plexus-cipher-2.0.jar
2025-10-27 10:42:22,300 [Worker-7: Launching mavenrun-c9b8c9b5-fe9a-4c2b-b211-83daf9c6e963] INFO  o.eclipse.m2e.core.internal.Bundles - 	Entry: C:\Users\Administrator\.p2\pool\plugins\org.eclipse.m2e.maven.runtime_3.9.900.20250220-2013\jars\plexus-classworlds-2.8.0.jar
2025-10-27 10:42:22,300 [Worker-7: Launching mavenrun-c9b8c9b5-fe9a-4c2b-b211-83daf9c6e963] INFO  o.eclipse.m2e.core.internal.Bundles - 	Entry: C:\Users\Administrator\.p2\pool\plugins\org.eclipse.m2e.maven.runtime_3.9.900.20250220-2013\jars\plexus-component-annotations-2.1.0.jar
2025-10-27 10:42:22,300 [Worker-7: Launching mavenrun-c9b8c9b5-fe9a-4c2b-b211-83daf9c6e963] INFO  o.eclipse.m2e.core.internal.Bundles - 	Entry: C:\Users\Administrator\.p2\pool\plugins\org.eclipse.m2e.maven.runtime_3.9.900.20250220-2013\jars\plexus-interpolation-1.27.jar
2025-10-27 10:42:22,300 [Worker-7: Launching mavenrun-c9b8c9b5-fe9a-4c2b-b211-83daf9c6e963] INFO  o.eclipse.m2e.core.internal.Bundles - 	Entry: C:\Users\Administrator\.p2\pool\plugins\org.eclipse.m2e.maven.runtime_3.9.900.20250220-2013\jars\plexus-sec-dispatcher-2.0.jar
2025-10-27 10:42:22,300 [Worker-7: Launching mavenrun-c9b8c9b5-fe9a-4c2b-b211-83daf9c6e963] INFO  o.eclipse.m2e.core.internal.Bundles - 	Entry: C:\Users\Administrator\.p2\pool\plugins\org.eclipse.m2e.maven.runtime_3.9.900.20250220-2013\jars\plexus-utils-3.5.1.jar
2025-10-27 10:42:22,301 [Worker-7: Launching mavenrun-c9b8c9b5-fe9a-4c2b-b211-83daf9c6e963] INFO  o.eclipse.m2e.core.internal.Bundles - 	Entry: C:\Users\Administrator\.p2\pool\plugins\org.eclipse.m2e.maven.runtime_3.9.900.20250220-2013\jars\plexus-xml-3.0.1.jar
2025-10-27 10:42:22,301 [Worker-7: Launching mavenrun-c9b8c9b5-fe9a-4c2b-b211-83daf9c6e963] INFO  o.eclipse.m2e.core.internal.Bundles - 	Entry: C:\Users\Administrator\.p2\pool\plugins\org.eclipse.m2e.maven.runtime_3.9.900.20250220-2013\jars\wagon-file-3.5.3.jar
2025-10-27 10:42:22,301 [Worker-7: Launching mavenrun-c9b8c9b5-fe9a-4c2b-b211-83daf9c6e963] INFO  o.eclipse.m2e.core.internal.Bundles - 	Entry: C:\Users\Administrator\.p2\pool\plugins\org.eclipse.m2e.maven.runtime_3.9.900.20250220-2013\jars\wagon-http-3.5.3.jar
2025-10-27 10:42:22,301 [Worker-7: Launching mavenrun-c9b8c9b5-fe9a-4c2b-b211-83daf9c6e963] INFO  o.eclipse.m2e.core.internal.Bundles - 	Entry: C:\Users\Administrator\.p2\pool\plugins\org.eclipse.m2e.maven.runtime_3.9.900.20250220-2013\jars\wagon-http-shared-3.5.3.jar
2025-10-27 10:42:22,302 [Worker-7: Launching mavenrun-c9b8c9b5-fe9a-4c2b-b211-83daf9c6e963] INFO  o.eclipse.m2e.core.internal.Bundles - 	Entry: C:\Users\Administrator\.p2\pool\plugins\org.eclipse.m2e.maven.runtime_3.9.900.20250220-2013\jars\wagon-provider-api-3.5.3.jar
2025-10-27 10:42:22,304 [Worker-7: Launching mavenrun-c9b8c9b5-fe9a-4c2b-b211-83daf9c6e963] INFO  o.eclipse.m2e.core.internal.Bundles - getClasspathEntries(Bundle=com.google.guava_33.4.0.jre [12])
2025-10-27 10:42:22,304 [Worker-7: Launching mavenrun-c9b8c9b5-fe9a-4c2b-b211-83daf9c6e963] INFO  o.eclipse.m2e.core.internal.Bundles - 	Entry: C:\Users\Administrator\.p2\pool\plugins\com.google.guava_33.4.0.jre.jar
2025-10-27 10:42:22,304 [Worker-7: Launching mavenrun-c9b8c9b5-fe9a-4c2b-b211-83daf9c6e963] INFO  o.eclipse.m2e.core.internal.Bundles - getClasspathEntries(Bundle=slf4j.api_2.0.16 [520])
2025-10-27 10:42:22,305 [Worker-7: Launching mavenrun-c9b8c9b5-fe9a-4c2b-b211-83daf9c6e963] INFO  o.eclipse.m2e.core.internal.Bundles - 	Entry: C:\Users\Administrator\.p2\pool\plugins\slf4j.api_2.0.16.jar
2025-10-27 10:42:22,305 [Worker-7: Launching mavenrun-c9b8c9b5-fe9a-4c2b-b211-83daf9c6e963] INFO  o.eclipse.m2e.core.internal.Bundles - getClasspathEntries(Bundle=jakarta.inject.jakarta.inject-api_1.0.5 [24])
2025-10-27 10:42:22,305 [Worker-7: Launching mavenrun-c9b8c9b5-fe9a-4c2b-b211-83daf9c6e963] INFO  o.eclipse.m2e.core.internal.Bundles - 	Entry: C:\Users\Administrator\.p2\pool\plugins\jakarta.inject.jakarta.inject-api_1.0.5.jar
2025-10-27 10:42:22,305 [Worker-7: Launching mavenrun-c9b8c9b5-fe9a-4c2b-b211-83daf9c6e963] INFO  o.eclipse.m2e.core.internal.Bundles - getClasspathEntries(Bundle=jakarta.annotation-api_1.3.5 [22])
2025-10-27 10:42:22,306 [Worker-7: Launching mavenrun-c9b8c9b5-fe9a-4c2b-b211-83daf9c6e963] INFO  o.eclipse.m2e.core.internal.Bundles - 	Entry: C:\Users\Administrator\.p2\pool\plugins\jakarta.annotation-api_1.3.5.jar
2025-10-27 10:42:22,306 [Worker-7: Launching mavenrun-c9b8c9b5-fe9a-4c2b-b211-83daf9c6e963] INFO  o.eclipse.m2e.core.internal.Bundles - getClasspathEntries(Bundle=org.apache.commons.cli_1.9.0 [48])
2025-10-27 10:42:22,306 [Worker-7: Launching mavenrun-c9b8c9b5-fe9a-4c2b-b211-83daf9c6e963] INFO  o.eclipse.m2e.core.internal.Bundles - 	Entry: C:\Users\Administrator\.p2\pool\plugins\org.apache.commons.cli_1.9.0.jar
2025-10-27 10:42:22,306 [Worker-7: Launching mavenrun-c9b8c9b5-fe9a-4c2b-b211-83daf9c6e963] INFO  o.eclipse.m2e.core.internal.Bundles - getClasspathEntries(Bundle=org.apache.commons.commons-codec_1.16.0 [49])
2025-10-27 10:42:22,307 [Worker-7: Launching mavenrun-c9b8c9b5-fe9a-4c2b-b211-83daf9c6e963] INFO  o.eclipse.m2e.core.internal.Bundles - 	Entry: C:\Users\Administrator\.p2\pool\plugins\org.apache.commons.commons-codec_1.16.0.jar
2025-10-27 10:42:22,307 [Worker-7: Launching mavenrun-c9b8c9b5-fe9a-4c2b-b211-83daf9c6e963] INFO  o.eclipse.m2e.core.internal.Bundles - getClasspathEntries(Bundle=com.google.guava.failureaccess_1.0.2 [13])
2025-10-27 10:42:22,307 [Worker-7: Launching mavenrun-c9b8c9b5-fe9a-4c2b-b211-83daf9c6e963] INFO  o.eclipse.m2e.core.internal.Bundles - 	Entry: C:\Users\Administrator\.p2\pool\plugins\com.google.guava.failureaccess_1.0.2.jar
2025-10-27 10:42:22,312 [Worker-7: Launching mavenrun-c9b8c9b5-fe9a-4c2b-b211-83daf9c6e963] INFO  o.e.m.i.launch.MavenLaunchDelegate - Run build in "C:\Users\ADMINI~1\AppData\Local\Temp\m2e-archetypeGenerator790077198560397897":
2025-10-27 10:42:22,319 [Worker-7: Launching mavenrun-c9b8c9b5-fe9a-4c2b-b211-83daf9c6e963] INFO  o.e.m.i.launch.MavenLaunchDelegate -  mvn  -DarchetypeGroupId=org.apache.maven.archetypes -DarchetypeArtifactId=maven-archetype-webapp -DarchetypeVersion=1.0 -DgroupId=org.demo -DartifactId=demo -Dversion=0.0.1-SNAPSHOT -Dpackage=org.demo.demo -DoutputDirectory=D:\Ashi -Dstyle.color=always -U archetype:generate
2025-10-27 10:53:45,758 [Worker-2: Loading available Gradle versions] INFO  o.e.b.c.i.u.g.PublishedGradleVersions - Gradle version information cache is up-to-date. Trying to read.
2025-10-27 10:56:07,512 [Worker-20: Creating project "CDmaven"] INFO  o.e.m.c.i.l.LifecycleMappingFactory - Using org.eclipse.m2e.jdt.JarLifecycleMapping lifecycle mapping for MavenProject: org.CDmaven:CDmaven:0.0.1-SNAPSHOT @ D:\Ashi\CDmaven\pom.xml.
2025-10-27 10:56:08,178 [Worker-20: Creating project "CDmaven"] INFO  o.e.m.j.i.AbstractJavaProjectConfigurator - Adding source folder /CDmaven/src/main/java
2025-10-27 10:56:08,181 [Worker-20: Creating project "CDmaven"] INFO  o.e.m.j.i.AbstractJavaProjectConfigurator - Adding resource folder /CDmaven/src/main/resources
2025-10-27 10:56:08,182 [Worker-20: Creating project "CDmaven"] INFO  o.e.m.j.i.AbstractJavaProjectConfigurator - Adding source folder /CDmaven/src/test/java
2025-10-27 10:56:08,182 [Worker-20: Creating project "CDmaven"] INFO  o.e.m.j.i.AbstractJavaProjectConfigurator - Adding resource folder /CDmaven/src/test/resources
2025-10-27 10:56:08,687 [Worker-18: Building] WARN  o.a.m.s.f.DefaultMavenResourcesFiltering - Using platform encoding (UTF-8 actually) to copy filtered resources, i.e. build is platform dependent!
2025-10-27 10:56:08,691 [Worker-18: Building] INFO  o.a.m.s.f.DefaultMavenResourcesFiltering - Copying 0 resource from src\main\resources to target\classes
2025-10-27 10:56:08,696 [Worker-18: Building] WARN  o.a.m.s.f.DefaultMavenResourcesFiltering - Using platform encoding (UTF-8 actually) to copy filtered resources, i.e. build is platform dependent!
2025-10-27 10:56:08,696 [Worker-18: Building] INFO  o.a.m.s.f.DefaultMavenResourcesFiltering - Copying 0 resource from src\test\resources to target\test-classes
2025-10-27 10:56:57,252 [Worker-5: Building] WARN  o.a.m.s.f.DefaultMavenResourcesFiltering - Using platform encoding (UTF-8 actually) to copy filtered resources, i.e. build is platform dependent!
2025-10-27 10:56:57,257 [Worker-5: Building] INFO  o.a.m.s.f.DefaultMavenResourcesFiltering - Copying 0 resource from src\main\resources to target\classes
2025-10-27 10:56:57,264 [Worker-5: Building] WARN  o.a.m.s.f.DefaultMavenResourcesFiltering - Using platform encoding (UTF-8 actually) to copy filtered resources, i.e. build is platform dependent!
2025-10-27 10:56:57,266 [Worker-5: Building] INFO  o.a.m.s.f.DefaultMavenResourcesFiltering - Copying 0 resource from src\test\resources to target\test-classes
2025-10-27 10:57:51,986 [Worker-2: Launching sample1] WARN  o.a.m.s.f.DefaultMavenResourcesFiltering - Using platform encoding (UTF-8 actually) to copy filtered resources, i.e. build is platform dependent!
2025-10-27 10:57:51,988 [Worker-2: Launching sample1] INFO  o.a.m.s.f.DefaultMavenResourcesFiltering - Copying 0 resource from src\main\resources to target\classes
2025-10-27 10:57:51,995 [Worker-2: Launching sample1] WARN  o.a.m.s.f.DefaultMavenResourcesFiltering - Using platform encoding (UTF-8 actually) to copy filtered resources, i.e. build is platform dependent!
2025-10-27 10:57:51,998 [Worker-2: Launching sample1] INFO  o.a.m.s.f.DefaultMavenResourcesFiltering - Copying 0 resource from src\test\resources to target\test-classes
2025-10-27 10:58:00,691 [main] INFO  o.e.m2e.actions.ExecutePomAction - Creating new launch configuration
2025-10-27 10:58:09,101 [Worker-5: Launching CDmaven] INFO  o.eclipse.m2e.core.internal.Bundles - getClasspathEntries(Bundle=org.eclipse.m2e.maven.runtime_3.9.900.20250220-2013 [296])
2025-10-27 10:58:09,103 [Worker-5: Launching CDmaven] INFO  o.eclipse.m2e.core.internal.Bundles - 	Entry: C:\Users\Administrator\.p2\pool\plugins\org.eclipse.m2e.maven.runtime_3.9.900.20250220-2013
2025-10-27 10:58:09,103 [Worker-5: Launching CDmaven] INFO  o.eclipse.m2e.core.internal.Bundles - 	Entry: C:\Users\Administrator\.p2\pool\plugins\org.eclipse.m2e.maven.runtime_3.9.900.20250220-2013\jars\aopalliance-1.0.jar
2025-10-27 10:58:09,103 [Worker-5: Launching CDmaven] INFO  o.eclipse.m2e.core.internal.Bundles - 	Entry: C:\Users\Administrator\.p2\pool\plugins\org.eclipse.m2e.maven.runtime_3.9.900.20250220-2013\jars\guice-5.1.0.jar
2025-10-27 10:58:09,104 [Worker-5: Launching CDmaven] INFO  o.eclipse.m2e.core.internal.Bundles - 	Entry: C:\Users\Administrator\.p2\pool\plugins\org.eclipse.m2e.maven.runtime_3.9.900.20250220-2013\jars\httpclient-4.5.14.jar
2025-10-27 10:58:09,104 [Worker-5: Launching CDmaven] INFO  o.eclipse.m2e.core.internal.Bundles - 	Entry: C:\Users\Administrator\.p2\pool\plugins\org.eclipse.m2e.maven.runtime_3.9.900.20250220-2013\jars\httpcore-4.4.16.jar
2025-10-27 10:58:09,104 [Worker-5: Launching CDmaven] INFO  o.eclipse.m2e.core.internal.Bundles - 	Entry: C:\Users\Administrator\.p2\pool\plugins\org.eclipse.m2e.maven.runtime_3.9.900.20250220-2013\jars\jansi-2.4.1.jar
2025-10-27 10:58:09,104 [Worker-5: Launching CDmaven] INFO  o.eclipse.m2e.core.internal.Bundles - 	Entry: C:\Users\Administrator\.p2\pool\plugins\org.eclipse.m2e.maven.runtime_3.9.900.20250220-2013\jars\jcl-over-slf4j-1.7.36.jar
2025-10-27 10:58:09,105 [Worker-5: Launching CDmaven] INFO  o.eclipse.m2e.core.internal.Bundles - 	Entry: C:\Users\Administrator\.p2\pool\plugins\org.eclipse.m2e.maven.runtime_3.9.900.20250220-2013\jars\maven-artifact-3.9.9.jar
2025-10-27 10:58:09,105 [Worker-5: Launching CDmaven] INFO  o.eclipse.m2e.core.internal.Bundles - 	Entry: C:\Users\Administrator\.p2\pool\plugins\org.eclipse.m2e.maven.runtime_3.9.900.20250220-2013\jars\maven-builder-support-3.9.9.jar
2025-10-27 10:58:09,105 [Worker-5: Launching CDmaven] INFO  o.eclipse.m2e.core.internal.Bundles - 	Entry: C:\Users\Administrator\.p2\pool\plugins\org.eclipse.m2e.maven.runtime_3.9.900.20250220-2013\jars\maven-compat-3.9.9.jar
2025-10-27 10:58:09,105 [Worker-5: Launching CDmaven] INFO  o.eclipse.m2e.core.internal.Bundles - 	Entry: C:\Users\Administrator\.p2\pool\plugins\org.eclipse.m2e.maven.runtime_3.9.900.20250220-2013\jars\maven-core-3.9.9.jar
2025-10-27 10:58:09,105 [Worker-5: Launching CDmaven] INFO  o.eclipse.m2e.core.internal.Bundles - 	Entry: C:\Users\Administrator\.p2\pool\plugins\org.eclipse.m2e.maven.runtime_3.9.900.20250220-2013\jars\maven-embedder-3.9.9.jar
2025-10-27 10:58:09,105 [Worker-5: Launching CDmaven] INFO  o.eclipse.m2e.core.internal.Bundles - 	Entry: C:\Users\Administrator\.p2\pool\plugins\org.eclipse.m2e.maven.runtime_3.9.900.20250220-2013\jars\maven-model-3.9.9.jar
2025-10-27 10:58:09,106 [Worker-5: Launching CDmaven] INFO  o.eclipse.m2e.core.internal.Bundles - 	Entry: C:\Users\Administrator\.p2\pool\plugins\org.eclipse.m2e.maven.runtime_3.9.900.20250220-2013\jars\maven-model-builder-3.9.9.jar
2025-10-27 10:58:09,106 [Worker-5: Launching CDmaven] INFO  o.eclipse.m2e.core.internal.Bundles - 	Entry: C:\Users\Administrator\.p2\pool\plugins\org.eclipse.m2e.maven.runtime_3.9.900.20250220-2013\jars\maven-plugin-api-3.9.9.jar
2025-10-27 10:58:09,106 [Worker-5: Launching CDmaven] INFO  o.eclipse.m2e.core.internal.Bundles - 	Entry: C:\Users\Administrator\.p2\pool\plugins\org.eclipse.m2e.maven.runtime_3.9.900.20250220-2013\jars\maven-repository-metadata-3.9.9.jar
2025-10-27 10:58:09,106 [Worker-5: Launching CDmaven] INFO  o.eclipse.m2e.core.internal.Bundles - 	Entry: C:\Users\Administrator\.p2\pool\plugins\org.eclipse.m2e.maven.runtime_3.9.900.20250220-2013\jars\maven-resolver-api-1.9.22.jar
2025-10-27 10:58:09,107 [Worker-5: Launching CDmaven] INFO  o.eclipse.m2e.core.internal.Bundles - 	Entry: C:\Users\Administrator\.p2\pool\plugins\org.eclipse.m2e.maven.runtime_3.9.900.20250220-2013\jars\maven-resolver-connector-basic-1.9.22.jar
2025-10-27 10:58:09,107 [Worker-5: Launching CDmaven] INFO  o.eclipse.m2e.core.internal.Bundles - 	Entry: C:\Users\Administrator\.p2\pool\plugins\org.eclipse.m2e.maven.runtime_3.9.900.20250220-2013\jars\maven-resolver-impl-1.9.22.jar
2025-10-27 10:58:09,107 [Worker-5: Launching CDmaven] INFO  o.eclipse.m2e.core.internal.Bundles - 	Entry: C:\Users\Administrator\.p2\pool\plugins\org.eclipse.m2e.maven.runtime_3.9.900.20250220-2013\jars\maven-resolver-named-locks-1.9.22.jar
2025-10-27 10:58:09,107 [Worker-5: Launching CDmaven] INFO  o.eclipse.m2e.core.internal.Bundles - 	Entry: C:\Users\Administrator\.p2\pool\plugins\org.eclipse.m2e.maven.runtime_3.9.900.20250220-2013\jars\maven-resolver-provider-3.9.9.jar
2025-10-27 10:58:09,108 [Worker-5: Launching CDmaven] INFO  o.eclipse.m2e.core.internal.Bundles - 	Entry: C:\Users\Administrator\.p2\pool\plugins\org.eclipse.m2e.maven.runtime_3.9.900.20250220-2013\jars\maven-resolver-spi-1.9.22.jar
2025-10-27 10:58:09,108 [Worker-5: Launching CDmaven] INFO  o.eclipse.m2e.core.internal.Bundles - 	Entry: C:\Users\Administrator\.p2\pool\plugins\org.eclipse.m2e.maven.runtime_3.9.900.20250220-2013\jars\maven-resolver-transport-file-1.9.22.jar
2025-10-27 10:58:09,108 [Worker-5: Launching CDmaven] INFO  o.eclipse.m2e.core.internal.Bundles - 	Entry: C:\Users\Administrator\.p2\pool\plugins\org.eclipse.m2e.maven.runtime_3.9.900.20250220-2013\jars\maven-resolver-transport-http-1.9.22.jar
2025-10-27 10:58:09,109 [Worker-5: Launching CDmaven] INFO  o.eclipse.m2e.core.internal.Bundles - 	Entry: C:\Users\Administrator\.p2\pool\plugins\org.eclipse.m2e.maven.runtime_3.9.900.20250220-2013\jars\maven-resolver-transport-wagon-1.9.22.jar
2025-10-27 10:58:09,109 [Worker-5: Launching CDmaven] INFO  o.eclipse.m2e.core.internal.Bundles - 	Entry: C:\Users\Administrator\.p2\pool\plugins\org.eclipse.m2e.maven.runtime_3.9.900.20250220-2013\jars\maven-resolver-util-1.9.22.jar
2025-10-27 10:58:09,109 [Worker-5: Launching CDmaven] INFO  o.eclipse.m2e.core.internal.Bundles - 	Entry: C:\Users\Administrator\.p2\pool\plugins\org.eclipse.m2e.maven.runtime_3.9.900.20250220-2013\jars\maven-settings-3.9.9.jar
2025-10-27 10:58:09,109 [Worker-5: Launching CDmaven] INFO  o.eclipse.m2e.core.internal.Bundles - 	Entry: C:\Users\Administrator\.p2\pool\plugins\org.eclipse.m2e.maven.runtime_3.9.900.20250220-2013\jars\maven-settings-builder-3.9.9.jar
2025-10-27 10:58:09,109 [Worker-5: Launching CDmaven] INFO  o.eclipse.m2e.core.internal.Bundles - 	Entry: C:\Users\Administrator\.p2\pool\plugins\org.eclipse.m2e.maven.runtime_3.9.900.20250220-2013\jars\maven-shared-utils-3.4.2.jar
2025-10-27 10:58:09,110 [Worker-5: Launching CDmaven] INFO  o.eclipse.m2e.core.internal.Bundles - 	Entry: C:\Users\Administrator\.p2\pool\plugins\org.eclipse.m2e.maven.runtime_3.9.900.20250220-2013\jars\org.eclipse.sisu.inject-0.9.0.M3.jar
2025-10-27 10:58:09,110 [Worker-5: Launching CDmaven] INFO  o.eclipse.m2e.core.internal.Bundles - 	Entry: C:\Users\Administrator\.p2\pool\plugins\org.eclipse.m2e.maven.runtime_3.9.900.20250220-2013\jars\org.eclipse.sisu.plexus-0.9.0.M3.jar
2025-10-27 10:58:09,110 [Worker-5: Launching CDmaven] INFO  o.eclipse.m2e.core.internal.Bundles - 	Entry: C:\Users\Administrator\.p2\pool\plugins\org.eclipse.m2e.maven.runtime_3.9.900.20250220-2013\jars\plexus-build-api-0.0.7.jar
2025-10-27 10:58:09,110 [Worker-5: Launching CDmaven] INFO  o.eclipse.m2e.core.internal.Bundles - 	Entry: C:\Users\Administrator\.p2\pool\plugins\org.eclipse.m2e.maven.runtime_3.9.900.20250220-2013\jars\plexus-build-api-1.2.0.jar
2025-10-27 10:58:09,111 [Worker-5: Launching CDmaven] INFO  o.eclipse.m2e.core.internal.Bundles - 	Entry: C:\Users\Administrator\.p2\pool\plugins\org.eclipse.m2e.maven.runtime_3.9.900.20250220-2013\jars\plexus-cipher-2.0.jar
2025-10-27 10:58:09,111 [Worker-5: Launching CDmaven] INFO  o.eclipse.m2e.core.internal.Bundles - 	Entry: C:\Users\Administrator\.p2\pool\plugins\org.eclipse.m2e.maven.runtime_3.9.900.20250220-2013\jars\plexus-classworlds-2.8.0.jar
2025-10-27 10:58:09,112 [Worker-5: Launching CDmaven] INFO  o.eclipse.m2e.core.internal.Bundles - 	Entry: C:\Users\Administrator\.p2\pool\plugins\org.eclipse.m2e.maven.runtime_3.9.900.20250220-2013\jars\plexus-component-annotations-2.1.0.jar
2025-10-27 10:58:09,112 [Worker-5: Launching CDmaven] INFO  o.eclipse.m2e.core.internal.Bundles - 	Entry: C:\Users\Administrator\.p2\pool\plugins\org.eclipse.m2e.maven.runtime_3.9.900.20250220-2013\jars\plexus-interpolation-1.27.jar
2025-10-27 10:58:09,112 [Worker-5: Launching CDmaven] INFO  o.eclipse.m2e.core.internal.Bundles - 	Entry: C:\Users\Administrator\.p2\pool\plugins\org.eclipse.m2e.maven.runtime_3.9.900.20250220-2013\jars\plexus-sec-dispatcher-2.0.jar
2025-10-27 10:58:09,112 [Worker-5: Launching CDmaven] INFO  o.eclipse.m2e.core.internal.Bundles - 	Entry: C:\Users\Administrator\.p2\pool\plugins\org.eclipse.m2e.maven.runtime_3.9.900.20250220-2013\jars\plexus-utils-3.5.1.jar
2025-10-27 10:58:09,112 [Worker-5: Launching CDmaven] INFO  o.eclipse.m2e.core.internal.Bundles - 	Entry: C:\Users\Administrator\.p2\pool\plugins\org.eclipse.m2e.maven.runtime_3.9.900.20250220-2013\jars\plexus-xml-3.0.1.jar
2025-10-27 10:58:09,113 [Worker-5: Launching CDmaven] INFO  o.eclipse.m2e.core.internal.Bundles - 	Entry: C:\Users\Administrator\.p2\pool\plugins\org.eclipse.m2e.maven.runtime_3.9.900.20250220-2013\jars\wagon-file-3.5.3.jar
2025-10-27 10:58:09,113 [Worker-5: Launching CDmaven] INFO  o.eclipse.m2e.core.internal.Bundles - 	Entry: C:\Users\Administrator\.p2\pool\plugins\org.eclipse.m2e.maven.runtime_3.9.900.20250220-2013\jars\wagon-http-3.5.3.jar
2025-10-27 10:58:09,113 [Worker-5: Launching CDmaven] INFO  o.eclipse.m2e.core.internal.Bundles - 	Entry: C:\Users\Administrator\.p2\pool\plugins\org.eclipse.m2e.maven.runtime_3.9.900.20250220-2013\jars\wagon-http-shared-3.5.3.jar
2025-10-27 10:58:09,114 [Worker-5: Launching CDmaven] INFO  o.eclipse.m2e.core.internal.Bundles - 	Entry: C:\Users\Administrator\.p2\pool\plugins\org.eclipse.m2e.maven.runtime_3.9.900.20250220-2013\jars\wagon-provider-api-3.5.3.jar
2025-10-27 10:58:09,117 [Worker-5: Launching CDmaven] INFO  o.eclipse.m2e.core.internal.Bundles - getClasspathEntries(Bundle=com.google.guava_33.4.0.jre [12])
2025-10-27 10:58:09,118 [Worker-5: Launching CDmaven] INFO  o.eclipse.m2e.core.internal.Bundles - 	Entry: C:\Users\Administrator\.p2\pool\plugins\com.google.guava_33.4.0.jre.jar
2025-10-27 10:58:09,118 [Worker-5: Launching CDmaven] INFO  o.eclipse.m2e.core.internal.Bundles - getClasspathEntries(Bundle=slf4j.api_2.0.16 [520])
2025-10-27 10:58:09,118 [Worker-5: Launching CDmaven] INFO  o.eclipse.m2e.core.internal.Bundles - 	Entry: C:\Users\Administrator\.p2\pool\plugins\slf4j.api_2.0.16.jar
2025-10-27 10:58:09,119 [Worker-5: Launching CDmaven] INFO  o.eclipse.m2e.core.internal.Bundles - getClasspathEntries(Bundle=jakarta.inject.jakarta.inject-api_1.0.5 [24])
2025-10-27 10:58:09,119 [Worker-5: Launching CDmaven] INFO  o.eclipse.m2e.core.internal.Bundles - 	Entry: C:\Users\Administrator\.p2\pool\plugins\jakarta.inject.jakarta.inject-api_1.0.5.jar
2025-10-27 10:58:09,119 [Worker-5: Launching CDmaven] INFO  o.eclipse.m2e.core.internal.Bundles - getClasspathEntries(Bundle=jakarta.annotation-api_1.3.5 [22])
2025-10-27 10:58:09,119 [Worker-5: Launching CDmaven] INFO  o.eclipse.m2e.core.internal.Bundles - 	Entry: C:\Users\Administrator\.p2\pool\plugins\jakarta.annotation-api_1.3.5.jar
2025-10-27 10:58:09,119 [Worker-5: Launching CDmaven] INFO  o.eclipse.m2e.core.internal.Bundles - getClasspathEntries(Bundle=org.apache.commons.cli_1.9.0 [48])
2025-10-27 10:58:09,120 [Worker-5: Launching CDmaven] INFO  o.eclipse.m2e.core.internal.Bundles - 	Entry: C:\Users\Administrator\.p2\pool\plugins\org.apache.commons.cli_1.9.0.jar
2025-10-27 10:58:09,120 [Worker-5: Launching CDmaven] INFO  o.eclipse.m2e.core.internal.Bundles - getClasspathEntries(Bundle=org.apache.commons.commons-codec_1.16.0 [49])
2025-10-27 10:58:09,120 [Worker-5: Launching CDmaven] INFO  o.eclipse.m2e.core.internal.Bundles - 	Entry: C:\Users\Administrator\.p2\pool\plugins\org.apache.commons.commons-codec_1.16.0.jar
2025-10-27 10:58:09,120 [Worker-5: Launching CDmaven] INFO  o.eclipse.m2e.core.internal.Bundles - getClasspathEntries(Bundle=com.google.guava.failureaccess_1.0.2 [13])
2025-10-27 10:58:09,121 [Worker-5: Launching CDmaven] INFO  o.eclipse.m2e.core.internal.Bundles - 	Entry: C:\Users\Administrator\.p2\pool\plugins\com.google.guava.failureaccess_1.0.2.jar
2025-10-27 10:58:09,123 [Worker-5: Launching CDmaven] INFO  o.e.m.i.launch.MavenLaunchDelegate - Run build in "D:\Ashi\CDmaven":
2025-10-27 10:58:09,124 [Worker-5: Launching CDmaven] INFO  o.e.m.i.launch.MavenLaunchDelegate -  mvn  -B -Dstyle.color=always clean install
2025-10-27 10:58:21,491 [main] INFO  o.e.m2e.actions.ExecutePomAction - Creating new launch configuration
2025-10-27 10:58:27,341 [Worker-2: Launching CDmaven (1)] INFO  o.eclipse.m2e.core.internal.Bundles - getClasspathEntries(Bundle=org.eclipse.m2e.maven.runtime_3.9.900.20250220-2013 [296])
2025-10-27 10:58:27,341 [Worker-2: Launching CDmaven (1)] INFO  o.eclipse.m2e.core.internal.Bundles - 	Entry: C:\Users\Administrator\.p2\pool\plugins\org.eclipse.m2e.maven.runtime_3.9.900.20250220-2013
2025-10-27 10:58:27,341 [Worker-2: Launching CDmaven (1)] INFO  o.eclipse.m2e.core.internal.Bundles - 	Entry: C:\Users\Administrator\.p2\pool\plugins\org.eclipse.m2e.maven.runtime_3.9.900.20250220-2013\jars\aopalliance-1.0.jar
2025-10-27 10:58:27,342 [Worker-2: Launching CDmaven (1)] INFO  o.eclipse.m2e.core.internal.Bundles - 	Entry: C:\Users\Administrator\.p2\pool\plugins\org.eclipse.m2e.maven.runtime_3.9.900.20250220-2013\jars\guice-5.1.0.jar
2025-10-27 10:58:27,342 [Worker-2: Launching CDmaven (1)] INFO  o.eclipse.m2e.core.internal.Bundles - 	Entry: C:\Users\Administrator\.p2\pool\plugins\org.eclipse.m2e.maven.runtime_3.9.900.20250220-2013\jars\httpclient-4.5.14.jar
2025-10-27 10:58:27,342 [Worker-2: Launching CDmaven (1)] INFO  o.eclipse.m2e.core.internal.Bundles - 	Entry: C:\Users\Administrator\.p2\pool\plugins\org.eclipse.m2e.maven.runtime_3.9.900.20250220-2013\jars\httpcore-4.4.16.jar
2025-10-27 10:58:27,342 [Worker-2: Launching CDmaven (1)] INFO  o.eclipse.m2e.core.internal.Bundles - 	Entry: C:\Users\Administrator\.p2\pool\plugins\org.eclipse.m2e.maven.runtime_3.9.900.20250220-2013\jars\jansi-2.4.1.jar
2025-10-27 10:58:27,342 [Worker-2: Launching CDmaven (1)] INFO  o.eclipse.m2e.core.internal.Bundles - 	Entry: C:\Users\Administrator\.p2\pool\plugins\org.eclipse.m2e.maven.runtime_3.9.900.20250220-2013\jars\jcl-over-slf4j-1.7.36.jar
2025-10-27 10:58:27,342 [Worker-2: Launching CDmaven (1)] INFO  o.eclipse.m2e.core.internal.Bundles - 	Entry: C:\Users\Administrator\.p2\pool\plugins\org.eclipse.m2e.maven.runtime_3.9.900.20250220-2013\jars\maven-artifact-3.9.9.jar
2025-10-27 10:58:27,344 [Worker-2: Launching CDmaven (1)] INFO  o.eclipse.m2e.core.internal.Bundles - 	Entry: C:\Users\Administrator\.p2\pool\plugins\org.eclipse.m2e.maven.runtime_3.9.900.20250220-2013\jars\maven-builder-support-3.9.9.jar
2025-10-27 10:58:27,344 [Worker-2: Launching CDmaven (1)] INFO  o.eclipse.m2e.core.internal.Bundles - 	Entry: C:\Users\Administrator\.p2\pool\plugins\org.eclipse.m2e.maven.runtime_3.9.900.20250220-2013\jars\maven-compat-3.9.9.jar
2025-10-27 10:58:27,344 [Worker-2: Launching CDmaven (1)] INFO  o.eclipse.m2e.core.internal.Bundles - 	Entry: C:\Users\Administrator\.p2\pool\plugins\org.eclipse.m2e.maven.runtime_3.9.900.20250220-2013\jars\maven-core-3.9.9.jar
2025-10-27 10:58:27,344 [Worker-2: Launching CDmaven (1)] INFO  o.eclipse.m2e.core.internal.Bundles - 	Entry: C:\Users\Administrator\.p2\pool\plugins\org.eclipse.m2e.maven.runtime_3.9.900.20250220-2013\jars\maven-embedder-3.9.9.jar
2025-10-27 10:58:27,344 [Worker-2: Launching CDmaven (1)] INFO  o.eclipse.m2e.core.internal.Bundles - 	Entry: C:\Users\Administrator\.p2\pool\plugins\org.eclipse.m2e.maven.runtime_3.9.900.20250220-2013\jars\maven-model-3.9.9.jar
2025-10-27 10:58:27,344 [Worker-2: Launching CDmaven (1)] INFO  o.eclipse.m2e.core.internal.Bundles - 	Entry: C:\Users\Administrator\.p2\pool\plugins\org.eclipse.m2e.maven.runtime_3.9.900.20250220-2013\jars\maven-model-builder-3.9.9.jar
2025-10-27 10:58:27,344 [Worker-2: Launching CDmaven (1)] INFO  o.eclipse.m2e.core.internal.Bundles - 	Entry: C:\Users\Administrator\.p2\pool\plugins\org.eclipse.m2e.maven.runtime_3.9.900.20250220-2013\jars\maven-plugin-api-3.9.9.jar
2025-10-27 10:58:27,344 [Worker-2: Launching CDmaven (1)] INFO  o.eclipse.m2e.core.internal.Bundles - 	Entry: C:\Users\Administrator\.p2\pool\plugins\org.eclipse.m2e.maven.runtime_3.9.900.20250220-2013\jars\maven-repository-metadata-3.9.9.jar
2025-10-27 10:58:27,344 [Worker-2: Launching CDmaven (1)] INFO  o.eclipse.m2e.core.internal.Bundles - 	Entry: C:\Users\Administrator\.p2\pool\plugins\org.eclipse.m2e.maven.runtime_3.9.900.20250220-2013\jars\maven-resolver-api-1.9.22.jar
2025-10-27 10:58:27,344 [Worker-2: Launching CDmaven (1)] INFO  o.eclipse.m2e.core.internal.Bundles - 	Entry: C:\Users\Administrator\.p2\pool\plugins\org.eclipse.m2e.maven.runtime_3.9.900.20250220-2013\jars\maven-resolver-connector-basic-1.9.22.jar
2025-10-27 10:58:27,344 [Worker-2: Launching CDmaven (1)] INFO  o.eclipse.m2e.core.internal.Bundles - 	Entry: C:\Users\Administrator\.p2\pool\plugins\org.eclipse.m2e.maven.runtime_3.9.900.20250220-2013\jars\maven-resolver-impl-1.9.22.jar
2025-10-27 10:58:27,345 [Worker-2: Launching CDmaven (1)] INFO  o.eclipse.m2e.core.internal.Bundles - 	Entry: C:\Users\Administrator\.p2\pool\plugins\org.eclipse.m2e.maven.runtime_3.9.900.20250220-2013\jars\maven-resolver-named-locks-1.9.22.jar
2025-10-27 10:58:27,345 [Worker-2: Launching CDmaven (1)] INFO  o.eclipse.m2e.core.internal.Bundles - 	Entry: C:\Users\Administrator\.p2\pool\plugins\org.eclipse.m2e.maven.runtime_3.9.900.20250220-2013\jars\maven-resolver-provider-3.9.9.jar
2025-10-27 10:58:27,345 [Worker-2: Launching CDmaven (1)] INFO  o.eclipse.m2e.core.internal.Bundles - 	Entry: C:\Users\Administrator\.p2\pool\plugins\org.eclipse.m2e.maven.runtime_3.9.900.20250220-2013\jars\maven-resolver-spi-1.9.22.jar
2025-10-27 10:58:27,345 [Worker-2: Launching CDmaven (1)] INFO  o.eclipse.m2e.core.internal.Bundles - 	Entry: C:\Users\Administrator\.p2\pool\plugins\org.eclipse.m2e.maven.runtime_3.9.900.20250220-2013\jars\maven-resolver-transport-file-1.9.22.jar
2025-10-27 10:58:27,345 [Worker-2: Launching CDmaven (1)] INFO  o.eclipse.m2e.core.internal.Bundles - 	Entry: C:\Users\Administrator\.p2\pool\plugins\org.eclipse.m2e.maven.runtime_3.9.900.20250220-2013\jars\maven-resolver-transport-http-1.9.22.jar
2025-10-27 10:58:27,345 [Worker-2: Launching CDmaven (1)] INFO  o.eclipse.m2e.core.internal.Bundles - 	Entry: C:\Users\Administrator\.p2\pool\plugins\org.eclipse.m2e.maven.runtime_3.9.900.20250220-2013\jars\maven-resolver-transport-wagon-1.9.22.jar
2025-10-27 10:58:27,347 [Worker-2: Launching CDmaven (1)] INFO  o.eclipse.m2e.core.internal.Bundles - 	Entry: C:\Users\Administrator\.p2\pool\plugins\org.eclipse.m2e.maven.runtime_3.9.900.20250220-2013\jars\maven-resolver-util-1.9.22.jar
2025-10-27 10:58:27,347 [Worker-2: Launching CDmaven (1)] INFO  o.eclipse.m2e.core.internal.Bundles - 	Entry: C:\Users\Administrator\.p2\pool\plugins\org.eclipse.m2e.maven.runtime_3.9.900.20250220-2013\jars\maven-settings-3.9.9.jar
2025-10-27 10:58:27,347 [Worker-2: Launching CDmaven (1)] INFO  o.eclipse.m2e.core.internal.Bundles - 	Entry: C:\Users\Administrator\.p2\pool\plugins\org.eclipse.m2e.maven.runtime_3.9.900.20250220-2013\jars\maven-settings-builder-3.9.9.jar
2025-10-27 10:58:27,347 [Worker-2: Launching CDmaven (1)] INFO  o.eclipse.m2e.core.internal.Bundles - 	Entry: C:\Users\Administrator\.p2\pool\plugins\org.eclipse.m2e.maven.runtime_3.9.900.20250220-2013\jars\maven-shared-utils-3.4.2.jar
2025-10-27 10:58:27,347 [Worker-2: Launching CDmaven (1)] INFO  o.eclipse.m2e.core.internal.Bundles - 	Entry: C:\Users\Administrator\.p2\pool\plugins\org.eclipse.m2e.maven.runtime_3.9.900.20250220-2013\jars\org.eclipse.sisu.inject-0.9.0.M3.jar
2025-10-27 10:58:27,347 [Worker-2: Launching CDmaven (1)] INFO  o.eclipse.m2e.core.internal.Bundles - 	Entry: C:\Users\Administrator\.p2\pool\plugins\org.eclipse.m2e.maven.runtime_3.9.900.20250220-2013\jars\org.eclipse.sisu.plexus-0.9.0.M3.jar
2025-10-27 10:58:27,347 [Worker-2: Launching CDmaven (1)] INFO  o.eclipse.m2e.core.internal.Bundles - 	Entry: C:\Users\Administrator\.p2\pool\plugins\org.eclipse.m2e.maven.runtime_3.9.900.20250220-2013\jars\plexus-build-api-0.0.7.jar
2025-10-27 10:58:27,347 [Worker-2: Launching CDmaven (1)] INFO  o.eclipse.m2e.core.internal.Bundles - 	Entry: C:\Users\Administrator\.p2\pool\plugins\org.eclipse.m2e.maven.runtime_3.9.900.20250220-2013\jars\plexus-build-api-1.2.0.jar
2025-10-27 10:58:27,347 [Worker-2: Launching CDmaven (1)] INFO  o.eclipse.m2e.core.internal.Bundles - 	Entry: C:\Users\Administrator\.p2\pool\plugins\org.eclipse.m2e.maven.runtime_3.9.900.20250220-2013\jars\plexus-cipher-2.0.jar
2025-10-27 10:58:27,347 [Worker-2: Launching CDmaven (1)] INFO  o.eclipse.m2e.core.internal.Bundles - 	Entry: C:\Users\Administrator\.p2\pool\plugins\org.eclipse.m2e.maven.runtime_3.9.900.20250220-2013\jars\plexus-classworlds-2.8.0.jar
2025-10-27 10:58:27,347 [Worker-2: Launching CDmaven (1)] INFO  o.eclipse.m2e.core.internal.Bundles - 	Entry: C:\Users\Administrator\.p2\pool\plugins\org.eclipse.m2e.maven.runtime_3.9.900.20250220-2013\jars\plexus-component-annotations-2.1.0.jar
2025-10-27 10:58:27,347 [Worker-2: Launching CDmaven (1)] INFO  o.eclipse.m2e.core.internal.Bundles - 	Entry: C:\Users\Administrator\.p2\pool\plugins\org.eclipse.m2e.maven.runtime_3.9.900.20250220-2013\jars\plexus-interpolation-1.27.jar
2025-10-27 10:58:27,348 [Worker-2: Launching CDmaven (1)] INFO  o.eclipse.m2e.core.internal.Bundles - 	Entry: C:\Users\Administrator\.p2\pool\plugins\org.eclipse.m2e.maven.runtime_3.9.900.20250220-2013\jars\plexus-sec-dispatcher-2.0.jar
2025-10-27 10:58:27,348 [Worker-2: Launching CDmaven (1)] INFO  o.eclipse.m2e.core.internal.Bundles - 	Entry: C:\Users\Administrator\.p2\pool\plugins\org.eclipse.m2e.maven.runtime_3.9.900.20250220-2013\jars\plexus-utils-3.5.1.jar
2025-10-27 10:58:27,348 [Worker-2: Launching CDmaven (1)] INFO  o.eclipse.m2e.core.internal.Bundles - 	Entry: C:\Users\Administrator\.p2\pool\plugins\org.eclipse.m2e.maven.runtime_3.9.900.20250220-2013\jars\plexus-xml-3.0.1.jar
2025-10-27 10:58:27,348 [Worker-2: Launching CDmaven (1)] INFO  o.eclipse.m2e.core.internal.Bundles - 	Entry: C:\Users\Administrator\.p2\pool\plugins\org.eclipse.m2e.maven.runtime_3.9.900.20250220-2013\jars\wagon-file-3.5.3.jar
2025-10-27 10:58:27,348 [Worker-2: Launching CDmaven (1)] INFO  o.eclipse.m2e.core.internal.Bundles - 	Entry: C:\Users\Administrator\.p2\pool\plugins\org.eclipse.m2e.maven.runtime_3.9.900.20250220-2013\jars\wagon-http-3.5.3.jar
2025-10-27 10:58:27,350 [Worker-2: Launching CDmaven (1)] INFO  o.eclipse.m2e.core.internal.Bundles - 	Entry: C:\Users\Administrator\.p2\pool\plugins\org.eclipse.m2e.maven.runtime_3.9.900.20250220-2013\jars\wagon-http-shared-3.5.3.jar
2025-10-27 10:58:27,350 [Worker-2: Launching CDmaven (1)] INFO  o.eclipse.m2e.core.internal.Bundles - 	Entry: C:\Users\Administrator\.p2\pool\plugins\org.eclipse.m2e.maven.runtime_3.9.900.20250220-2013\jars\wagon-provider-api-3.5.3.jar
2025-10-27 10:58:27,350 [Worker-2: Launching CDmaven (1)] INFO  o.eclipse.m2e.core.internal.Bundles - getClasspathEntries(Bundle=com.google.guava_33.4.0.jre [12])
2025-10-27 10:58:27,350 [Worker-2: Launching CDmaven (1)] INFO  o.eclipse.m2e.core.internal.Bundles - 	Entry: C:\Users\Administrator\.p2\pool\plugins\com.google.guava_33.4.0.jre.jar
2025-10-27 10:58:27,350 [Worker-2: Launching CDmaven (1)] INFO  o.eclipse.m2e.core.internal.Bundles - getClasspathEntries(Bundle=slf4j.api_2.0.16 [520])
2025-10-27 10:58:27,350 [Worker-2: Launching CDmaven (1)] INFO  o.eclipse.m2e.core.internal.Bundles - 	Entry: C:\Users\Administrator\.p2\pool\plugins\slf4j.api_2.0.16.jar
2025-10-27 10:58:27,350 [Worker-2: Launching CDmaven (1)] INFO  o.eclipse.m2e.core.internal.Bundles - getClasspathEntries(Bundle=jakarta.inject.jakarta.inject-api_1.0.5 [24])
2025-10-27 10:58:27,350 [Worker-2: Launching CDmaven (1)] INFO  o.eclipse.m2e.core.internal.Bundles - 	Entry: C:\Users\Administrator\.p2\pool\plugins\jakarta.inject.jakarta.inject-api_1.0.5.jar
2025-10-27 10:58:27,350 [Worker-2: Launching CDmaven (1)] INFO  o.eclipse.m2e.core.internal.Bundles - getClasspathEntries(Bundle=jakarta.annotation-api_1.3.5 [22])
2025-10-27 10:58:27,351 [Worker-2: Launching CDmaven (1)] INFO  o.eclipse.m2e.core.internal.Bundles - 	Entry: C:\Users\Administrator\.p2\pool\plugins\jakarta.annotation-api_1.3.5.jar
2025-10-27 10:58:27,351 [Worker-2: Launching CDmaven (1)] INFO  o.eclipse.m2e.core.internal.Bundles - getClasspathEntries(Bundle=org.apache.commons.cli_1.9.0 [48])
2025-10-27 10:58:27,351 [Worker-2: Launching CDmaven (1)] INFO  o.eclipse.m2e.core.internal.Bundles - 	Entry: C:\Users\Administrator\.p2\pool\plugins\org.apache.commons.cli_1.9.0.jar
2025-10-27 10:58:27,351 [Worker-2: Launching CDmaven (1)] INFO  o.eclipse.m2e.core.internal.Bundles - getClasspathEntries(Bundle=org.apache.commons.commons-codec_1.16.0 [49])
2025-10-27 10:58:27,352 [Worker-2: Launching CDmaven (1)] INFO  o.eclipse.m2e.core.internal.Bundles - 	Entry: C:\Users\Administrator\.p2\pool\plugins\org.apache.commons.commons-codec_1.16.0.jar
2025-10-27 10:58:27,352 [Worker-2: Launching CDmaven (1)] INFO  o.eclipse.m2e.core.internal.Bundles - getClasspathEntries(Bundle=com.google.guava.failureaccess_1.0.2 [13])
2025-10-27 10:58:27,352 [Worker-2: Launching CDmaven (1)] INFO  o.eclipse.m2e.core.internal.Bundles - 	Entry: C:\Users\Administrator\.p2\pool\plugins\com.google.guava.failureaccess_1.0.2.jar
2025-10-27 10:58:27,353 [Worker-2: Launching CDmaven (1)] INFO  o.e.m.i.launch.MavenLaunchDelegate - Run build in "D:\Ashi\CDmaven":
2025-10-27 10:58:27,353 [Worker-2: Launching CDmaven (1)] INFO  o.e.m.i.launch.MavenLaunchDelegate -  mvn  -B -Dstyle.color=always clean
